{"level":"info","message":"MongoDB Connected ✅","timestamp":"2025-06-26 13:32:58.121"}
{"level":"info","message":"Server running on port 3000","timestamp":"2025-06-26 13:32:58.158"}
{"level":"info","message":"Environment: development","timestamp":"2025-06-26 13:32:58.160"}
{"level":"info","message":"MongoDB Connected ✅","timestamp":"2025-06-26 13:34:41.121"}
{"level":"info","message":"Server running on port 3000","timestamp":"2025-06-26 13:34:41.180"}
{"level":"info","message":"Environment: development","timestamp":"2025-06-26 13:34:41.182"}
{"level":"info","message":"MongoDB Connected ✅","timestamp":"2025-06-26 13:34:59.547"}
{"level":"info","message":"Server running on port 3000","timestamp":"2025-06-26 13:34:59.585"}
{"level":"info","message":"Environment: development","timestamp":"2025-06-26 13:34:59.587"}
{"level":"info","message":"MongoDB Connected ✅","timestamp":"2025-06-26 13:35:39.945"}
{"level":"info","message":"Server running on port 3000","timestamp":"2025-06-26 13:35:39.983"}
{"level":"info","message":"Environment: development","timestamp":"2025-06-26 13:35:39.985"}
{"level":"info","message":"MongoDB Connected ✅","timestamp":"2025-06-26 13:35:45.580"}
{"level":"info","message":"Server running on port 3000","timestamp":"2025-06-26 13:35:45.662"}
{"level":"info","message":"Environment: development","timestamp":"2025-06-26 13:35:45.669"}
{"level":"info","message":"MongoDB Connected ✅","timestamp":"2025-06-26 13:35:59.260"}
{"level":"info","message":"Server running on port 3000","timestamp":"2025-06-26 13:35:59.297"}
{"level":"info","message":"Environment: development","timestamp":"2025-06-26 13:35:59.299"}
{"level":"info","message":"MongoDB Connected ✅","timestamp":"2025-06-26 13:36:23.566"}
{"level":"info","message":"Server running on port 3000","timestamp":"2025-06-26 13:36:23.612"}
{"level":"info","message":"Environment: development","timestamp":"2025-06-26 13:36:23.614"}
{"level":"info","message":"MongoDB Connected ✅","timestamp":"2025-06-26 13:37:46.833"}
{"level":"info","message":"Server running on port 3000","timestamp":"2025-06-26 13:37:46.872"}
{"level":"info","message":"Environment: development","timestamp":"2025-06-26 13:37:46.875"}
{"level":"info","message":"MongoDB Connected ✅","timestamp":"2025-06-26 13:39:40.074"}
{"level":"info","message":"Server running on port 3000","timestamp":"2025-06-26 13:39:40.150"}
{"level":"info","message":"Environment: development","timestamp":"2025-06-26 13:39:40.154"}
{"level":"info","message":"MongoDB Connected ✅","timestamp":"2025-06-26 13:39:46.869"}
{"level":"info","message":"Server running on port 3000","timestamp":"2025-06-26 13:39:46.947"}
{"level":"info","message":"Environment: development","timestamp":"2025-06-26 13:39:46.949"}
{"level":"info","message":"MongoDB Connected ✅","timestamp":"2025-06-26 13:39:58.933"}
{"level":"info","message":"Server running on port 3000","timestamp":"2025-06-26 13:39:58.974"}
{"level":"info","message":"Environment: development","timestamp":"2025-06-26 13:39:58.975"}
{"level":"info","message":"MongoDB Connected ✅","timestamp":"2025-06-26 13:42:09.314"}
{"level":"info","message":"Server running on port 3000","timestamp":"2025-06-26 13:42:09.373"}
{"level":"info","message":"Environment: development","timestamp":"2025-06-26 13:42:09.375"}
{"level":"info","message":"MongoDB Connected ✅","timestamp":"2025-06-26 13:42:22.046"}
{"level":"info","message":"Server running on port 3000","timestamp":"2025-06-26 13:42:22.154"}
{"level":"info","message":"Environment: development","timestamp":"2025-06-26 13:42:22.156"}
{"level":"info","message":"MongoDB Connected ✅","timestamp":"2025-06-26 13:42:25.791"}
{"level":"info","message":"Server running on port 3000","timestamp":"2025-06-26 13:42:25.867"}
{"level":"info","message":"Environment: development","timestamp":"2025-06-26 13:42:25.875"}
{"level":"info","message":"MongoDB Connected ✅","timestamp":"2025-06-26 13:42:30.261"}
{"level":"info","message":"Server running on port 3000","timestamp":"2025-06-26 13:42:30.316"}
{"level":"info","message":"Environment: development","timestamp":"2025-06-26 13:42:30.318"}
{"level":"info","message":"MongoDB Connected ✅","timestamp":"2025-06-26 13:42:35.505"}
{"level":"info","message":"Server running on port 3000","timestamp":"2025-06-26 13:42:35.550"}
{"level":"info","message":"Environment: development","timestamp":"2025-06-26 13:42:35.551"}
{"level":"info","message":"MongoDB Connected ✅","timestamp":"2025-06-26 13:42:49.960"}
{"level":"info","message":"Server running on port 3000","timestamp":"2025-06-26 13:42:50.093"}
{"level":"info","message":"Environment: development","timestamp":"2025-06-26 13:42:50.133"}
{"level":"info","message":"MongoDB Connected ✅","timestamp":"2025-06-26 13:42:54.247"}
{"level":"info","message":"Server running on port 3000","timestamp":"2025-06-26 13:42:54.307"}
{"level":"info","message":"Environment: development","timestamp":"2025-06-26 13:42:54.309"}
{"level":"info","message":"MongoDB Connected ✅","timestamp":"2025-06-26 13:43:05.099"}
{"level":"info","message":"Server running on port 3000","timestamp":"2025-06-26 13:43:05.135"}
{"level":"info","message":"Environment: development","timestamp":"2025-06-26 13:43:05.138"}
{"level":"info","message":"MongoDB Connected ✅","timestamp":"2025-06-26 13:44:30.598"}
{"level":"info","message":"Server running on port 3000","timestamp":"2025-06-26 13:44:30.634"}
{"level":"info","message":"Environment: development","timestamp":"2025-06-26 13:44:30.636"}
{"level":"info","message":"MongoDB Connected ✅","timestamp":"2025-06-26 13:46:14.648"}
{"level":"info","message":"Server running on port 3000","timestamp":"2025-06-26 13:46:14.695"}
{"level":"info","message":"Environment: development","timestamp":"2025-06-26 13:46:14.697"}
{"level":"info","message":"MongoDB Connected ✅","timestamp":"2025-06-26 13:48:13.052"}
{"level":"info","message":"Server running on port 3000","timestamp":"2025-06-26 13:48:13.095"}
{"level":"info","message":"Environment: development","timestamp":"2025-06-26 13:48:13.097"}
{"level":"info","message":"MongoDB Connected ✅","timestamp":"2025-06-26 13:48:47.480"}
{"level":"info","message":"Server running on port 3000","timestamp":"2025-06-26 13:48:47.518"}
{"level":"info","message":"Environment: development","timestamp":"2025-06-26 13:48:47.521"}
{"level":"info","message":"MongoDB Connected ✅","timestamp":"2025-06-26 13:48:56.932"}
{"level":"info","message":"Server running on port 3000","timestamp":"2025-06-26 13:48:56.980"}
{"level":"info","message":"Environment: development","timestamp":"2025-06-26 13:48:56.982"}
{"level":"info","message":"MongoDB Connected ✅","timestamp":"2025-06-26 13:49:33.812"}
{"level":"info","message":"Server running on port 3000","timestamp":"2025-06-26 13:49:33.856"}
{"level":"info","message":"Environment: development","timestamp":"2025-06-26 13:49:33.858"}
{"level":"info","message":"MongoDB Connected ✅","timestamp":"2025-06-26 13:49:57.008"}
{"level":"info","message":"Server running on port 3000","timestamp":"2025-06-26 13:49:57.050"}
{"level":"info","message":"Environment: development","timestamp":"2025-06-26 13:49:57.053"}
{"level":"info","message":"MongoDB Connected ✅","timestamp":"2025-06-26 13:50:03.979"}
{"level":"info","message":"Server running on port 3000","timestamp":"2025-06-26 13:50:04.023"}
{"level":"info","message":"Environment: development","timestamp":"2025-06-26 13:50:04.026"}
{"level":"info","message":"MongoDB Connected ✅","timestamp":"2025-06-26 13:50:41.469"}
{"level":"info","message":"Server running on port 3000","timestamp":"2025-06-26 13:50:41.512"}
{"level":"info","message":"Environment: development","timestamp":"2025-06-26 13:50:41.516"}
{"level":"info","message":"MongoDB Connected ✅","timestamp":"2025-06-26 13:50:52.959"}
{"level":"info","message":"Server running on port 3000","timestamp":"2025-06-26 13:50:53.012"}
{"level":"info","message":"Environment: development","timestamp":"2025-06-26 13:50:53.014"}
{"level":"info","message":"MongoDB Connected ✅","timestamp":"2025-06-26 14:04:38.245"}
{"level":"info","message":"Server running on port 3000","timestamp":"2025-06-26 14:04:38.281"}
{"level":"info","message":"Environment: development","timestamp":"2025-06-26 14:04:38.283"}
{"level":"info","message":"MongoDB Connected ✅","timestamp":"2025-06-26 14:04:43.224"}
{"level":"info","message":"Server running on port 3000","timestamp":"2025-06-26 14:04:43.260"}
{"level":"info","message":"Environment: development","timestamp":"2025-06-26 14:04:43.261"}
{"level":"info","message":"MongoDB Connected ✅","timestamp":"2025-06-26 14:08:02.177"}
{"level":"info","message":"Server running on port 3000","timestamp":"2025-06-26 14:08:02.355"}
{"level":"info","message":"Environment: development","timestamp":"2025-06-26 14:08:02.399"}
{"level":"info","message":"MongoDB Connected ✅","timestamp":"2025-06-26 14:08:38.389"}
{"level":"info","message":"Server running on port 3000","timestamp":"2025-06-26 14:08:38.426"}
{"level":"info","message":"Environment: development","timestamp":"2025-06-26 14:08:38.429"}
{"level":"info","message":"MongoDB Connected ✅","timestamp":"2025-06-26 14:09:14.989"}
{"level":"info","message":"Server running on port 3000","timestamp":"2025-06-26 14:09:15.078"}
{"level":"info","message":"Environment: development","timestamp":"2025-06-26 14:09:15.087"}
{"level":"info","message":"MongoDB Connected ✅","timestamp":"2025-06-26 14:09:18.035"}
{"level":"info","message":"Server running on port 3000","timestamp":"2025-06-26 14:09:18.082"}
{"level":"info","message":"Environment: development","timestamp":"2025-06-26 14:09:18.084"}
{"level":"info","message":"MongoDB Connected ✅","timestamp":"2025-06-26 14:09:28.856"}
{"level":"info","message":"Server running on port 3000","timestamp":"2025-06-26 14:09:28.911"}
{"level":"info","message":"Environment: development","timestamp":"2025-06-26 14:09:28.913"}
{"level":"info","message":"MongoDB Connected ✅","timestamp":"2025-06-26 14:09:35.697"}
{"level":"info","message":"Server running on port 3000","timestamp":"2025-06-26 14:09:35.778"}
{"level":"info","message":"Environment: development","timestamp":"2025-06-26 14:09:35.782"}
{"level":"info","message":"MongoDB Connected ✅","timestamp":"2025-06-26 14:09:44.729"}
{"level":"info","message":"Server running on port 3000","timestamp":"2025-06-26 14:09:44.776"}
{"level":"info","message":"Environment: development","timestamp":"2025-06-26 14:09:44.778"}
{"level":"info","message":"MongoDB Connected ✅","timestamp":"2025-06-26 14:09:53.618"}
{"level":"info","message":"Server running on port 3000","timestamp":"2025-06-26 14:09:53.670"}
{"level":"info","message":"Environment: development","timestamp":"2025-06-26 14:09:53.686"}
{"level":"info","message":"MongoDB Connected ✅","timestamp":"2025-06-26 14:10:55.085"}
{"level":"info","message":"Server running on port 3000","timestamp":"2025-06-26 14:10:55.141"}
{"level":"info","message":"Environment: development","timestamp":"2025-06-26 14:10:55.143"}
{"level":"info","message":"MongoDB Connected ✅","timestamp":"2025-06-26 14:11:00.654"}
{"level":"info","message":"Server running on port 3000","timestamp":"2025-06-26 14:11:00.705"}
{"level":"info","message":"Environment: development","timestamp":"2025-06-26 14:11:00.707"}
{"level":"info","message":"MongoDB Connected ✅","timestamp":"2025-06-26 14:11:21.371"}
{"level":"info","message":"Server running on port 3000","timestamp":"2025-06-26 14:11:21.525"}
{"level":"info","message":"Environment: development","timestamp":"2025-06-26 14:11:21.561"}
{"level":"info","message":"MongoDB Connected ✅","timestamp":"2025-06-26 14:11:31.593"}
{"level":"info","message":"Server running on port 3000","timestamp":"2025-06-26 14:11:31.634"}
{"level":"info","message":"Environment: development","timestamp":"2025-06-26 14:11:31.636"}
{"level":"info","message":"MongoDB Connected ✅","timestamp":"2025-06-26 14:11:37.770"}
{"level":"info","message":"Server running on port 3000","timestamp":"2025-06-26 14:11:37.821"}
{"level":"info","message":"Environment: development","timestamp":"2025-06-26 14:11:37.823"}
{"level":"info","message":"MongoDB Connected ✅","timestamp":"2025-06-26 14:11:47.554"}
{"level":"info","message":"Server running on port 3000","timestamp":"2025-06-26 14:11:47.609"}
{"level":"info","message":"Environment: development","timestamp":"2025-06-26 14:11:47.610"}
{"level":"info","message":"MongoDB Connected ✅","timestamp":"2025-06-26 14:11:50.608"}
{"level":"info","message":"Server running on port 3000","timestamp":"2025-06-26 14:11:50.645"}
{"level":"info","message":"Environment: development","timestamp":"2025-06-26 14:11:50.647"}
{"level":"info","message":"MongoDB Connected ✅","timestamp":"2025-06-26 14:12:03.708"}
{"level":"info","message":"Server running on port 3000","timestamp":"2025-06-26 14:12:03.746"}
{"level":"info","message":"Environment: development","timestamp":"2025-06-26 14:12:03.750"}
{"level":"info","message":"MongoDB Connected ✅","timestamp":"2025-06-26 14:12:16.692"}
{"level":"info","message":"Server running on port 3000","timestamp":"2025-06-26 14:12:16.737"}
{"level":"info","message":"Environment: development","timestamp":"2025-06-26 14:12:16.739"}
{"level":"info","message":"MongoDB Connected ✅","timestamp":"2025-06-26 14:12:22.678"}
{"level":"info","message":"Server running on port 3000","timestamp":"2025-06-26 14:12:22.720"}
{"level":"info","message":"Environment: development","timestamp":"2025-06-26 14:12:22.723"}
{"level":"info","message":"MongoDB Connected ✅","timestamp":"2025-06-26 14:12:32.302"}
{"level":"info","message":"Server running on port 3000","timestamp":"2025-06-26 14:12:32.340"}
{"level":"info","message":"Environment: development","timestamp":"2025-06-26 14:12:32.342"}
{"level":"info","message":"MongoDB Connected ✅","timestamp":"2025-06-26 14:12:54.027"}
{"level":"info","message":"Server running on port 3000","timestamp":"2025-06-26 14:12:54.075"}
{"level":"info","message":"Environment: development","timestamp":"2025-06-26 14:12:54.077"}
{"level":"info","message":"MongoDB Connected ✅","timestamp":"2025-06-26 14:13:03.783"}
{"level":"info","message":"Server running on port 3000","timestamp":"2025-06-26 14:13:03.820"}
{"level":"info","message":"Environment: development","timestamp":"2025-06-26 14:13:03.822"}
{"level":"info","message":"MongoDB Connected ✅","timestamp":"2025-06-26 14:13:13.576"}
{"level":"info","message":"Server running on port 3000","timestamp":"2025-06-26 14:13:13.728"}
{"level":"info","message":"Environment: development","timestamp":"2025-06-26 14:13:13.733"}
{"level":"info","message":"MongoDB Connected ✅","timestamp":"2025-06-26 14:13:21.349"}
{"level":"info","message":"Server running on port 3000","timestamp":"2025-06-26 14:13:21.396"}
{"level":"info","message":"Environment: development","timestamp":"2025-06-26 14:13:21.398"}
{"level":"info","message":"MongoDB Connected ✅","timestamp":"2025-06-26 14:13:33.564"}
{"level":"info","message":"Server running on port 3000","timestamp":"2025-06-26 14:13:33.615"}
{"level":"info","message":"Environment: development","timestamp":"2025-06-26 14:13:33.617"}
{"level":"info","message":"MongoDB Connected ✅","timestamp":"2025-06-26 14:13:50.990"}
{"level":"info","message":"Server running on port 3000","timestamp":"2025-06-26 14:13:51.025"}
{"level":"info","message":"Environment: development","timestamp":"2025-06-26 14:13:51.028"}
{"level":"info","message":"MongoDB Connected ✅","timestamp":"2025-06-26 14:14:25.142"}
{"level":"info","message":"Server running on port 3000","timestamp":"2025-06-26 14:14:25.177"}
{"level":"info","message":"Environment: development","timestamp":"2025-06-26 14:14:25.179"}
{"level":"info","message":"MongoDB Connected ✅","timestamp":"2025-06-26 14:14:39.583"}
{"level":"info","message":"Server running on port 3000","timestamp":"2025-06-26 14:14:39.631"}
{"level":"info","message":"Environment: development","timestamp":"2025-06-26 14:14:39.633"}
{"level":"info","message":"MongoDB Connected ✅","timestamp":"2025-06-26 14:14:44.109"}
{"level":"info","message":"Server running on port 3000","timestamp":"2025-06-26 14:14:44.145"}
{"level":"info","message":"Environment: development","timestamp":"2025-06-26 14:14:44.147"}
{"level":"info","message":"MongoDB Connected ✅","timestamp":"2025-06-26 14:14:55.785"}
{"level":"info","message":"Server running on port 3000","timestamp":"2025-06-26 14:14:55.843"}
{"level":"info","message":"Environment: development","timestamp":"2025-06-26 14:14:55.844"}
{"level":"info","message":"MongoDB Connected ✅","timestamp":"2025-06-26 14:15:08.976"}
{"level":"info","message":"Server running on port 3000","timestamp":"2025-06-26 14:15:09.013"}
{"level":"info","message":"Environment: development","timestamp":"2025-06-26 14:15:09.015"}
{"level":"info","message":"MongoDB Connected ✅","timestamp":"2025-06-26 14:15:23.515"}
{"level":"info","message":"Server running on port 3000","timestamp":"2025-06-26 14:15:23.616"}
{"level":"info","message":"Environment: development","timestamp":"2025-06-26 14:15:23.623"}
{"level":"info","message":"MongoDB Connected ✅","timestamp":"2025-06-26 14:15:26.468"}
{"level":"info","message":"Server running on port 3000","timestamp":"2025-06-26 14:15:26.526"}
{"level":"info","message":"Environment: development","timestamp":"2025-06-26 14:15:26.530"}
{"level":"info","message":"MongoDB Connected ✅","timestamp":"2025-06-26 14:15:31.367"}
{"level":"info","message":"Server running on port 3000","timestamp":"2025-06-26 14:15:31.407"}
{"level":"info","message":"Environment: development","timestamp":"2025-06-26 14:15:31.409"}
{"level":"info","message":"MongoDB Connected ✅","timestamp":"2025-06-26 14:15:45.165"}
{"level":"info","message":"Server running on port 3000","timestamp":"2025-06-26 14:15:45.202"}
{"level":"info","message":"Environment: development","timestamp":"2025-06-26 14:15:45.204"}
{"level":"info","message":"MongoDB Connected ✅","timestamp":"2025-06-26 14:15:55.340"}
{"level":"info","message":"Server running on port 3000","timestamp":"2025-06-26 14:15:55.440"}
{"level":"info","message":"Environment: development","timestamp":"2025-06-26 14:15:55.442"}
{"level":"info","message":"MongoDB Connected ✅","timestamp":"2025-06-26 14:16:05.706"}
{"level":"info","message":"Server running on port 3000","timestamp":"2025-06-26 14:16:05.810"}
{"level":"info","message":"Environment: development","timestamp":"2025-06-26 14:16:05.852"}
{"level":"info","message":"MongoDB Connected ✅","timestamp":"2025-06-26 14:16:14.187"}
{"level":"info","message":"Server running on port 3000","timestamp":"2025-06-26 14:16:14.224"}
{"level":"info","message":"Environment: development","timestamp":"2025-06-26 14:16:14.226"}
{"level":"info","message":"MongoDB Connected ✅","timestamp":"2025-06-26 14:16:35.707"}
{"level":"info","message":"Server running on port 3000","timestamp":"2025-06-26 14:16:35.743"}
{"level":"info","message":"Environment: development","timestamp":"2025-06-26 14:16:35.744"}
{"level":"info","message":"MongoDB Connected ✅","timestamp":"2025-06-26 14:16:52.987"}
{"level":"info","message":"MongoDB Connected ✅","timestamp":"2025-06-26 14:16:55.804"}
{"level":"info","message":"Server running on port 3000","timestamp":"2025-06-26 14:16:55.854"}
{"level":"info","message":"Environment: development","timestamp":"2025-06-26 14:16:55.857"}
{"level":"info","message":"MongoDB Connected ✅","timestamp":"2025-06-26 14:17:00.801"}
{"level":"info","message":"Server running on port 3000","timestamp":"2025-06-26 14:17:00.836"}
{"level":"info","message":"Environment: development","timestamp":"2025-06-26 14:17:00.838"}
{"level":"info","message":"MongoDB Connected ✅","timestamp":"2025-06-26 14:17:16.147"}
{"level":"info","message":"Server running on port 3000","timestamp":"2025-06-26 14:17:16.193"}
{"level":"info","message":"Environment: development","timestamp":"2025-06-26 14:17:16.194"}
{"level":"info","message":"MongoDB Connected ✅","timestamp":"2025-06-26 14:17:28.742"}
{"level":"info","message":"Server running on port 3000","timestamp":"2025-06-26 14:17:28.804"}
{"level":"info","message":"Environment: development","timestamp":"2025-06-26 14:17:28.806"}
{"level":"info","message":"MongoDB Connected ✅","timestamp":"2025-06-26 14:17:34.879"}
{"level":"info","message":"Server running on port 3000","timestamp":"2025-06-26 14:17:34.935"}
{"level":"info","message":"Environment: development","timestamp":"2025-06-26 14:17:34.937"}
{"level":"info","message":"MongoDB Connected ✅","timestamp":"2025-06-26 14:17:38.372"}
{"level":"info","message":"Server running on port 3000","timestamp":"2025-06-26 14:17:38.492"}
{"level":"info","message":"Environment: development","timestamp":"2025-06-26 14:17:38.494"}
{"level":"info","message":"MongoDB Connected ✅","timestamp":"2025-06-26 14:17:41.998"}
{"level":"info","message":"Server running on port 3000","timestamp":"2025-06-26 14:17:42.067"}
{"level":"info","message":"Environment: development","timestamp":"2025-06-26 14:17:42.069"}
{"level":"info","message":"MongoDB Connected ✅","timestamp":"2025-06-26 14:17:47.188"}
{"level":"info","message":"Server running on port 3000","timestamp":"2025-06-26 14:17:47.243"}
{"level":"info","message":"Environment: development","timestamp":"2025-06-26 14:17:47.245"}
{"level":"info","message":"MongoDB Connected ✅","timestamp":"2025-06-26 14:17:52.745"}
{"level":"info","message":"Server running on port 3000","timestamp":"2025-06-26 14:17:52.826"}
{"level":"info","message":"Environment: development","timestamp":"2025-06-26 14:17:52.829"}
{"level":"info","message":"MongoDB Connected ✅","timestamp":"2025-06-26 15:13:40.587"}
{"level":"info","message":"Server running on port 3000","timestamp":"2025-06-26 15:13:40.626"}
{"level":"info","message":"Environment: development","timestamp":"2025-06-26 15:13:40.629"}
{"level":"info","message":"MongoDB Connected ✅","timestamp":"2025-06-26 15:14:47.311"}
{"level":"info","message":"Server running on port 3000","timestamp":"2025-06-26 15:14:47.350"}
{"level":"info","message":"Environment: development","timestamp":"2025-06-26 15:14:47.353"}
{"level":"info","message":"MongoDB Connected ✅","timestamp":"2025-06-26 15:14:55.509"}
{"level":"info","message":"Server running on port 3000","timestamp":"2025-06-26 15:14:55.545"}
{"level":"info","message":"Environment: development","timestamp":"2025-06-26 15:14:55.547"}
{"level":"info","message":"MongoDB Connected ✅","timestamp":"2025-06-26 15:15:01.884"}
{"level":"info","message":"Server running on port 3000","timestamp":"2025-06-26 15:15:02.006"}
{"level":"info","message":"Environment: development","timestamp":"2025-06-26 15:15:02.038"}
{"level":"info","message":"MongoDB Connected ✅","timestamp":"2025-06-26 15:15:05.480"}
{"level":"info","message":"Server running on port 3000","timestamp":"2025-06-26 15:15:05.553"}
{"level":"info","message":"Environment: development","timestamp":"2025-06-26 15:15:05.555"}
{"level":"info","message":"MongoDB Connected ✅","timestamp":"2025-06-26 15:15:11.496"}
{"level":"info","message":"Server running on port 3000","timestamp":"2025-06-26 15:15:11.537"}
{"level":"info","message":"Environment: development","timestamp":"2025-06-26 15:15:11.539"}
{"level":"info","message":"MongoDB Connected ✅","timestamp":"2025-06-26 15:15:20.540"}
{"level":"info","message":"Server running on port 3000","timestamp":"2025-06-26 15:15:20.576"}
{"level":"info","message":"Environment: development","timestamp":"2025-06-26 15:15:20.578"}
{"level":"info","message":"MongoDB Connected ✅","timestamp":"2025-06-26 15:15:24.422"}
{"level":"info","message":"Server running on port 3000","timestamp":"2025-06-26 15:15:24.461"}
{"level":"info","message":"Environment: development","timestamp":"2025-06-26 15:15:24.463"}
{"level":"info","message":"MongoDB Connected ✅","timestamp":"2025-06-26 15:15:35.237"}
{"level":"info","message":"Server running on port 3000","timestamp":"2025-06-26 15:15:35.275"}
{"level":"info","message":"Environment: development","timestamp":"2025-06-26 15:15:35.277"}
{"level":"info","message":"MongoDB Connected ✅","timestamp":"2025-06-26 15:16:00.608"}
{"level":"info","message":"Server running on port 3000","timestamp":"2025-06-26 15:16:00.643"}
{"level":"info","message":"Environment: development","timestamp":"2025-06-26 15:16:00.645"}
{"level":"info","message":"MongoDB Connected ✅","timestamp":"2025-06-26 15:16:13.402"}
{"level":"info","message":"Server running on port 3000","timestamp":"2025-06-26 15:16:13.478"}
{"level":"info","message":"Environment: development","timestamp":"2025-06-26 15:16:13.481"}
{"level":"info","message":"MongoDB Connected ✅","timestamp":"2025-06-26 15:16:16.929"}
{"level":"info","message":"Server running on port 3000","timestamp":"2025-06-26 15:16:16.984"}
{"level":"info","message":"Environment: development","timestamp":"2025-06-26 15:16:16.988"}
{"level":"info","message":"MongoDB Connected ✅","timestamp":"2025-06-26 15:16:27.138"}
{"level":"info","message":"Server running on port 3000","timestamp":"2025-06-26 15:16:27.180"}
{"level":"info","message":"Environment: development","timestamp":"2025-06-26 15:16:27.181"}
{"level":"info","message":"MongoDB Connected ✅","timestamp":"2025-06-26 15:16:43.217"}
{"level":"info","message":"Server running on port 3000","timestamp":"2025-06-26 15:16:43.266"}
{"level":"info","message":"Environment: development","timestamp":"2025-06-26 15:16:43.268"}
{"level":"info","message":"MongoDB Connected ✅","timestamp":"2025-06-26 15:16:47.708"}
{"level":"info","message":"Server running on port 3000","timestamp":"2025-06-26 15:16:47.749"}
{"level":"info","message":"Environment: development","timestamp":"2025-06-26 15:16:47.751"}
{"level":"info","message":"MongoDB Connected ✅","timestamp":"2025-06-26 15:16:59.379"}
{"level":"info","message":"Server running on port 3000","timestamp":"2025-06-26 15:16:59.431"}
{"level":"info","message":"Environment: development","timestamp":"2025-06-26 15:16:59.434"}
{"level":"info","message":"MongoDB Connected ✅","timestamp":"2025-06-26 15:17:04.771"}
{"level":"info","message":"Server running on port 3000","timestamp":"2025-06-26 15:17:04.822"}
{"level":"info","message":"Environment: development","timestamp":"2025-06-26 15:17:04.824"}
{"level":"info","message":"MongoDB Connected ✅","timestamp":"2025-06-26 16:01:36.627"}
{"level":"info","message":"Server running on port 5001","timestamp":"2025-06-26 16:01:36.664"}
{"level":"info","message":"Environment: development","timestamp":"2025-06-26 16:01:36.666"}
{"level":"info","message":"MongoDB Connected ✅","timestamp":"2025-06-26 16:03:59.642"}
{"level":"info","message":"Server running on port 5001","timestamp":"2025-06-26 16:03:59.680"}
{"level":"info","message":"Environment: development","timestamp":"2025-06-26 16:03:59.682"}
{"level":"info","message":"MongoDB Connected ✅","timestamp":"2025-06-26 16:10:21.798"}
{"level":"info","message":"Server running on port 5001","timestamp":"2025-06-26 16:10:21.867"}
{"level":"info","message":"Environment: development","timestamp":"2025-06-26 16:10:21.868"}
{"level":"info","message":"MongoDB Connected ✅","timestamp":"2025-06-26 16:10:36.758"}
{"level":"info","message":"Server running on port 5001","timestamp":"2025-06-26 16:10:36.825"}
{"level":"info","message":"Environment: development","timestamp":"2025-06-26 16:10:36.828"}
{"level":"info","message":"MongoDB Connected ✅","timestamp":"2025-06-26 16:10:42.889"}
{"level":"info","message":"Server running on port 5001","timestamp":"2025-06-26 16:10:43.045"}
{"level":"info","message":"Environment: development","timestamp":"2025-06-26 16:10:43.048"}
{"level":"info","message":"MongoDB Connected ✅","timestamp":"2025-06-26 16:11:01.858"}
{"level":"info","message":"Server running on port 5001","timestamp":"2025-06-26 16:11:01.938"}
{"level":"info","message":"Environment: development","timestamp":"2025-06-26 16:11:01.940"}
{"level":"info","message":"MongoDB Connected ✅","timestamp":"2025-06-26 16:11:11.927"}
{"level":"info","message":"Server running on port 5001","timestamp":"2025-06-26 16:11:11.981"}
{"level":"info","message":"Environment: development","timestamp":"2025-06-26 16:11:11.983"}
{"level":"info","message":"MongoDB Connected ✅","timestamp":"2025-06-26 16:15:27.707"}
{"level":"info","message":"Server running on port 5001","timestamp":"2025-06-26 16:15:27.744"}
{"level":"info","message":"Environment: development","timestamp":"2025-06-26 16:15:27.746"}
{"level":"info","message":"MongoDB Connected ✅","timestamp":"2025-06-26 16:15:44.772"}
{"level":"info","message":"Server running on port 5001","timestamp":"2025-06-26 16:15:44.832"}
{"level":"info","message":"Environment: development","timestamp":"2025-06-26 16:15:44.836"}
{"level":"info","message":"MongoDB Connected ✅","timestamp":"2025-06-26 16:15:53.943"}
{"level":"info","message":"Server running on port 5001","timestamp":"2025-06-26 16:15:54.026"}
{"level":"info","message":"Environment: development","timestamp":"2025-06-26 16:15:54.029"}
{"level":"info","message":"MongoDB Connected ✅","timestamp":"2025-06-26 16:16:06.043"}
{"level":"info","message":"Server running on port 5001","timestamp":"2025-06-26 16:16:06.085"}
{"level":"info","message":"Environment: development","timestamp":"2025-06-26 16:16:06.088"}
{"level":"info","message":"MongoDB Connected ✅","timestamp":"2025-06-26 20:09:14.043"}
{"level":"info","message":"Server running on port 5001","timestamp":"2025-06-26 20:09:14.166"}
{"level":"info","message":"Environment: development","timestamp":"2025-06-26 20:09:14.170"}
{"level":"info","message":"MongoDB Connected ✅","timestamp":"2025-06-26 20:20:59.028"}
{"level":"info","message":"Server running on port 5001","timestamp":"2025-06-26 20:20:59.106"}
{"level":"info","message":"Environment: development","timestamp":"2025-06-26 20:20:59.108"}
{"level":"info","message":"MongoDB Connected ✅","timestamp":"2025-06-26 20:55:04.950"}
{"level":"info","message":"Server running on port 5001","timestamp":"2025-06-26 20:55:04.987"}
{"level":"info","message":"Environment: development","timestamp":"2025-06-26 20:55:04.989"}
{"level":"info","message":"MongoDB Connected ✅","timestamp":"2025-06-26 20:57:04.665"}
{"level":"info","message":"Server running on port 5001","timestamp":"2025-06-26 20:57:04.701"}
{"level":"info","message":"Environment: development","timestamp":"2025-06-26 20:57:04.702"}
{"level":"info","message":"MongoDB Connected ✅","timestamp":"2025-06-26 21:06:22.067"}
{"level":"info","message":"Server running on port 5001","timestamp":"2025-06-26 21:06:22.191"}
{"level":"info","message":"Environment: development","timestamp":"2025-06-26 21:06:22.199"}
{"level":"info","message":"MongoDB Connected ✅","timestamp":"2025-06-26 22:03:28.595"}
{"level":"info","message":"Server running on port 5001","timestamp":"2025-06-26 22:03:28.760"}
{"level":"info","message":"Environment: development","timestamp":"2025-06-26 22:03:28.764"}
{"level":"info","message":"MongoDB Connected ✅","timestamp":"2025-06-26 22:03:37.776"}
{"level":"info","message":"Server running on port 5001","timestamp":"2025-06-26 22:03:37.832"}
{"level":"info","message":"Environment: development","timestamp":"2025-06-26 22:03:37.835"}
{"level":"info","message":"MongoDB Connected ✅","timestamp":"2025-06-26 23:23:08.084"}
{"level":"info","message":"Server running on port 5001","timestamp":"2025-06-26 23:23:08.136"}
{"level":"info","message":"Environment: development","timestamp":"2025-06-26 23:23:08.137"}
{"level":"info","message":"MongoDB Connected ✅","timestamp":"2025-06-26 23:23:13.103"}
{"level":"info","message":"Server running on port 5001","timestamp":"2025-06-26 23:23:13.168"}
{"level":"info","message":"Environment: development","timestamp":"2025-06-26 23:23:13.174"}
{"level":"info","message":"MongoDB Connected ✅","timestamp":"2025-06-27 00:20:32.139"}
{"level":"info","message":"Server running on port 5001","timestamp":"2025-06-27 00:20:32.183"}
{"level":"info","message":"Environment: development","timestamp":"2025-06-27 00:20:32.185"}
{"level":"info","message":"MongoDB Connected ✅","timestamp":"2025-06-27 00:20:37.708"}
{"level":"info","message":"Server running on port 5001","timestamp":"2025-06-27 00:20:37.764"}
{"level":"info","message":"Environment: development","timestamp":"2025-06-27 00:20:37.767"}
{"level":"info","message":"MongoDB Connected ✅","timestamp":"2025-06-27 00:20:49.015"}
{"level":"info","message":"Server running on port 5001","timestamp":"2025-06-27 00:20:49.056"}
{"level":"info","message":"Environment: development","timestamp":"2025-06-27 00:20:49.057"}
{"level":"info","message":"MongoDB Connected ✅","timestamp":"2025-06-27 00:21:10.672"}
{"level":"info","message":"Server running on port 5001","timestamp":"2025-06-27 00:21:10.709"}
{"level":"info","message":"Environment: development","timestamp":"2025-06-27 00:21:10.711"}
{"level":"info","message":"MongoDB Connected ✅","timestamp":"2025-06-27 00:21:29.065"}
{"level":"info","message":"Server running on port 5001","timestamp":"2025-06-27 00:21:29.114"}
{"level":"info","message":"Environment: development","timestamp":"2025-06-27 00:21:29.115"}
{"level":"info","message":"MongoDB Connected ✅","timestamp":"2025-06-27 00:21:32.952"}
{"level":"info","message":"Server running on port 5001","timestamp":"2025-06-27 00:21:32.988"}
{"level":"info","message":"Environment: development","timestamp":"2025-06-27 00:21:32.990"}
{"level":"info","message":"MongoDB Connected ✅","timestamp":"2025-06-27 00:21:50.045"}
{"level":"info","message":"Server running on port 5001","timestamp":"2025-06-27 00:21:50.083"}
{"level":"info","message":"Environment: development","timestamp":"2025-06-27 00:21:50.085"}
{"level":"info","message":"MongoDB Connected ✅","timestamp":"2025-06-27 00:23:12.993"}
{"level":"info","message":"Server running on port 5001","timestamp":"2025-06-27 00:23:13.036"}
{"level":"info","message":"Environment: development","timestamp":"2025-06-27 00:23:13.037"}
{"level":"info","message":"MongoDB Connected ✅","timestamp":"2025-06-27 00:23:20.815"}
{"level":"info","message":"Server running on port 5001","timestamp":"2025-06-27 00:23:20.856"}
{"level":"info","message":"Environment: development","timestamp":"2025-06-27 00:23:20.859"}
{"level":"info","message":"MongoDB Connected ✅","timestamp":"2025-06-27 00:23:33.627"}
{"level":"info","message":"Server running on port 5001","timestamp":"2025-06-27 00:23:33.663"}
{"level":"info","message":"Environment: development","timestamp":"2025-06-27 00:23:33.665"}
{"level":"info","message":"MongoDB Connected ✅","timestamp":"2025-06-27 00:28:30.822"}
{"level":"info","message":"Server running on port 5001","timestamp":"2025-06-27 00:28:30.860"}
{"level":"info","message":"Environment: development","timestamp":"2025-06-27 00:28:30.862"}
{"level":"info","message":"MongoDB Connected ✅","timestamp":"2025-06-27 01:07:35.744"}
{"level":"info","message":"Server running on port 5001","timestamp":"2025-06-27 01:07:35.825"}
{"level":"info","message":"Environment: development","timestamp":"2025-06-27 01:07:35.838"}
{"level":"info","message":"MongoDB Connected ✅","timestamp":"2025-06-27 01:07:54.681"}
{"level":"info","message":"Server running on port 5001","timestamp":"2025-06-27 01:07:54.754"}
{"level":"info","message":"Environment: development","timestamp":"2025-06-27 01:07:54.756"}
{"level":"info","message":"SIGINT received. Shutting down gracefully...","timestamp":"2025-06-27 01:11:01.520"}
{"level":"info","message":"MongoDB Connected ✅","timestamp":"2025-06-27 01:11:13.017"}
{"level":"info","message":"Server running on port 5001","timestamp":"2025-06-27 01:11:13.054"}
{"level":"info","message":"Environment: development","timestamp":"2025-06-27 01:11:13.056"}
{"level":"info","message":"MongoDB Connected ✅","timestamp":"2025-06-27 11:40:03.384"}
{"level":"info","message":"Server running on port 5001","timestamp":"2025-06-27 11:40:03.425"}
{"level":"info","message":"Environment: development","timestamp":"2025-06-27 11:40:03.426"}
{"level":"info","message":"MongoDB Connected ✅","timestamp":"2025-06-27 13:05:10.180"}
{"level":"info","message":"Server running on port 5001","timestamp":"2025-06-27 13:05:10.218"}
{"level":"info","message":"Environment: development","timestamp":"2025-06-27 13:05:10.220"}
{"level":"info","message":"MongoDB Connected ✅","timestamp":"2025-06-27 13:05:54.707"}
{"level":"info","message":"Server running on port 5001","timestamp":"2025-06-27 13:05:54.808"}
{"level":"info","message":"Environment: development","timestamp":"2025-06-27 13:05:54.817"}
{"level":"info","message":"MongoDB Connected ✅","timestamp":"2025-06-27 13:06:35.029"}
{"level":"info","message":"Server running on port 5001","timestamp":"2025-06-27 13:06:35.083"}
{"level":"info","message":"Environment: development","timestamp":"2025-06-27 13:06:35.087"}
{"level":"info","message":"MongoDB Connected ✅","timestamp":"2025-06-27 13:15:38.304"}
{"level":"info","message":"Server running on port 5001","timestamp":"2025-06-27 13:15:38.340"}
{"level":"info","message":"Environment: development","timestamp":"2025-06-27 13:15:38.341"}
{"level":"info","message":"MongoDB Connected ✅","timestamp":"2025-06-27 13:24:52.006"}
{"level":"info","message":"Server running on port 5001","timestamp":"2025-06-27 13:24:52.051"}
{"level":"info","message":"Environment: development","timestamp":"2025-06-27 13:24:52.054"}
{"level":"error","message":"MongoDB Connection Error ❌ Pharmacy is not defined","stack":"ReferenceError: Pharmacy is not defined\n    at connectDB (file:///C:/Users/PC/Desktop/Pharmacy_pfe/PahrmaEasy/backend/config/database.js:98:5)\n    at process.processTicksAndRejections (node:internal/process/task_queues:105:5)\n    at async startServer (file:///C:/Users/PC/Desktop/Pharmacy_pfe/PahrmaEasy/backend/server.js:9:5)","timestamp":"2025-06-27 13:25:05.206"}
{"level":"info","message":"MongoDB Connected ✅","timestamp":"2025-06-27 13:25:34.313"}
{"level":"info","message":"Server running on port 5001","timestamp":"2025-06-27 13:25:34.351"}
{"level":"info","message":"Environment: development","timestamp":"2025-06-27 13:25:34.352"}
{"level":"info","message":"MongoDB Connected ✅","timestamp":"2025-06-27 13:25:57.469"}
{"level":"info","message":"Server running on port 5001","timestamp":"2025-06-27 13:25:57.523"}
{"level":"info","message":"Environment: development","timestamp":"2025-06-27 13:25:57.527"}
{"level":"info","message":"MongoDB Connected ✅","timestamp":"2025-06-27 13:36:42.036"}
{"level":"info","message":"Server running on port 5001","timestamp":"2025-06-27 13:36:42.081"}
{"level":"info","message":"Environment: development","timestamp":"2025-06-27 13:36:42.082"}
{"level":"info","message":"MongoDB Connected ✅","timestamp":"2025-06-27 13:37:14.284"}
{"level":"info","message":"Server running on port 5001","timestamp":"2025-06-27 13:37:14.325"}
{"level":"info","message":"Environment: development","timestamp":"2025-06-27 13:37:14.327"}
{"level":"info","message":"GET /favicon.ico","timestamp":"2025-06-27 13:54:55.427"}
{"level":"info","message":"MongoDB Connected ✅","timestamp":"2025-06-27 13:56:34.594"}
{"level":"info","message":"Server running on port 5001","timestamp":"2025-06-27 13:56:34.644"}
{"level":"info","message":"Environment: development","timestamp":"2025-06-27 13:56:34.645"}
{"level":"info","message":"MongoDB Connected ✅","timestamp":"2025-06-27 13:56:48.713"}
{"level":"info","message":"Server running on port 5001","timestamp":"2025-06-27 13:56:48.774"}
{"level":"info","message":"Environment: development","timestamp":"2025-06-27 13:56:48.775"}
{"level":"info","message":"MongoDB Connected ✅","timestamp":"2025-06-27 13:56:53.620"}
{"level":"info","message":"Server running on port 5001","timestamp":"2025-06-27 13:56:53.671"}
{"level":"info","message":"Environment: development","timestamp":"2025-06-27 13:56:53.673"}
{"level":"info","message":"MongoDB Connected ✅","timestamp":"2025-06-27 13:57:00.911"}
{"level":"info","message":"Server running on port 5001","timestamp":"2025-06-27 13:57:00.956"}
{"level":"info","message":"Environment: development","timestamp":"2025-06-27 13:57:00.959"}
{"level":"info","message":"MongoDB Connected ✅","timestamp":"2025-06-27 13:57:06.922"}
{"level":"info","message":"Server running on port 5001","timestamp":"2025-06-27 13:57:07.042"}
{"level":"info","message":"Environment: development","timestamp":"2025-06-27 13:57:07.044"}
{"level":"info","message":"MongoDB Connected ✅","timestamp":"2025-06-27 13:57:15.169"}
{"level":"info","message":"Server running on port 5001","timestamp":"2025-06-27 13:57:15.239"}
{"level":"info","message":"Environment: development","timestamp":"2025-06-27 13:57:15.242"}
{"level":"info","message":"MongoDB Connected ✅","timestamp":"2025-06-27 14:00:19.538"}
{"level":"info","message":"Server running on port 5001","timestamp":"2025-06-27 14:00:19.579"}
{"level":"info","message":"Environment: development","timestamp":"2025-06-27 14:00:19.581"}
{"level":"info","message":"MongoDB Connected ✅","timestamp":"2025-06-27 14:01:09.383"}
{"level":"info","message":"Server running on port 5001","timestamp":"2025-06-27 14:01:09.491"}
{"level":"info","message":"Environment: development","timestamp":"2025-06-27 14:01:09.500"}
{"level":"info","message":"MongoDB Connected ✅","timestamp":"2025-06-27 14:29:43.406"}
{"level":"info","message":"Server running on port 5001","timestamp":"2025-06-27 14:29:43.499"}
{"level":"info","message":"Environment: development","timestamp":"2025-06-27 14:29:43.504"}
{"level":"info","message":"MongoDB Connected ✅","timestamp":"2025-06-27 15:03:31.640"}
{"level":"info","message":"Server running on port 5001","timestamp":"2025-06-27 15:03:31.676"}
{"level":"info","message":"Environment: development","timestamp":"2025-06-27 15:03:31.678"}
{"level":"info","message":"MongoDB Connected ✅","timestamp":"2025-06-27 15:04:00.919"}
{"level":"info","message":"Server running on port 5001","timestamp":"2025-06-27 15:04:00.969"}
{"level":"info","message":"Environment: development","timestamp":"2025-06-27 15:04:00.972"}
{"level":"info","message":"MongoDB Connected ✅","timestamp":"2025-06-27 15:04:05.713"}
{"level":"info","message":"Server running on port 5001","timestamp":"2025-06-27 15:04:05.761"}
{"level":"info","message":"Environment: development","timestamp":"2025-06-27 15:04:05.762"}
{"level":"info","message":"MongoDB Connected ✅","timestamp":"2025-06-27 15:16:22.243"}
{"level":"info","message":"Server running on port 5001","timestamp":"2025-06-27 15:16:22.361"}
{"level":"info","message":"Environment: development","timestamp":"2025-06-27 15:16:22.363"}
{"level":"info","message":"MongoDB Connected ✅","timestamp":"2025-06-27 15:16:44.708"}
{"level":"info","message":"Server running on port 5001","timestamp":"2025-06-27 15:16:44.755"}
{"level":"info","message":"Environment: development","timestamp":"2025-06-27 15:16:44.757"}
{"level":"info","message":"MongoDB Connected ✅","timestamp":"2025-06-27 15:17:27.337"}
{"level":"info","message":"Server running on port 5001","timestamp":"2025-06-27 15:17:27.382"}
{"level":"info","message":"Environment: development","timestamp":"2025-06-27 15:17:27.384"}
{"level":"info","message":"MongoDB Connected ✅","timestamp":"2025-06-27 15:21:06.950"}
{"level":"info","message":"Server running on port 5001","timestamp":"2025-06-27 15:21:06.997"}
{"level":"info","message":"Environment: development","timestamp":"2025-06-27 15:21:06.999"}
{"level":"info","message":"MongoDB Connected ✅","timestamp":"2025-06-27 15:27:33.647"}
{"level":"info","message":"Server running on port 5001","timestamp":"2025-06-27 15:27:33.683"}
{"level":"info","message":"Environment: development","timestamp":"2025-06-27 15:27:33.685"}
{"level":"info","message":"MongoDB Connected ✅","timestamp":"2025-06-27 15:27:47.299"}
{"level":"info","message":"Server running on port 5001","timestamp":"2025-06-27 15:27:47.365"}
{"level":"info","message":"Environment: development","timestamp":"2025-06-27 15:27:47.368"}
{"level":"info","message":"MongoDB Connected ✅","timestamp":"2025-06-27 15:27:53.882"}
{"level":"info","message":"Server running on port 5001","timestamp":"2025-06-27 15:27:53.926"}
{"level":"info","message":"Environment: development","timestamp":"2025-06-27 15:27:53.929"}
{"level":"info","message":"MongoDB Connected ✅","timestamp":"2025-06-27 15:28:04.987"}
{"level":"info","message":"Server running on port 5001","timestamp":"2025-06-27 15:28:05.049"}
{"level":"info","message":"Environment: development","timestamp":"2025-06-27 15:28:05.051"}
{"level":"info","message":"MongoDB Connected ✅","timestamp":"2025-06-27 15:28:10.495"}
{"level":"info","message":"Server running on port 5001","timestamp":"2025-06-27 15:28:10.543"}
{"level":"info","message":"Environment: development","timestamp":"2025-06-27 15:28:10.545"}
{"level":"info","message":"MongoDB Connected ✅","timestamp":"2025-06-27 21:16:43.112"}
{"level":"info","message":"Server running on port 5001","timestamp":"2025-06-27 21:16:44.128"}
{"level":"info","message":"Environment: development","timestamp":"2025-06-27 21:16:44.130"}
{"level":"info","message":"MongoDB Connected ✅","timestamp":"2025-06-27 21:25:07.231"}
{"level":"info","message":"Server running on port 5001","timestamp":"2025-06-27 21:25:07.273"}
{"level":"info","message":"Environment: development","timestamp":"2025-06-27 21:25:07.275"}
{"level":"info","message":"MongoDB Connected ✅","timestamp":"2025-06-27 21:28:52.845"}
{"level":"info","message":"Server running on port 5001","timestamp":"2025-06-27 21:28:52.881"}
{"level":"info","message":"Environment: development","timestamp":"2025-06-27 21:28:52.883"}
{"level":"info","message":"MongoDB Connected ✅","timestamp":"2025-06-27 21:29:02.667"}
{"level":"info","message":"Server running on port 5001","timestamp":"2025-06-27 21:29:02.727"}
{"level":"info","message":"Environment: development","timestamp":"2025-06-27 21:29:02.729"}
{"level":"info","message":"MongoDB Connected ✅","timestamp":"2025-06-27 21:29:11.397"}
{"level":"info","message":"Server running on port 5001","timestamp":"2025-06-27 21:29:11.486"}
{"level":"info","message":"Environment: development","timestamp":"2025-06-27 21:29:11.488"}
{"level":"info","message":"SIGINT received. Shutting down gracefully...","timestamp":"2025-06-27 21:33:48.908"}
{"level":"info","message":"MongoDB Connected ✅","timestamp":"2025-06-27 21:36:06.526"}
{"level":"info","message":"Server running on port 5001","timestamp":"2025-06-27 21:36:07.389"}
{"level":"info","message":"Environment: development","timestamp":"2025-06-27 21:36:07.391"}
{"level":"info","message":"MongoDB Connected ✅","timestamp":"2025-06-27 21:36:20.621"}
{"level":"info","message":"Server running on port 5001","timestamp":"2025-06-27 21:36:20.675"}
{"level":"info","message":"Environment: development","timestamp":"2025-06-27 21:36:20.678"}
{"level":"info","message":"MongoDB Connected ✅","timestamp":"2025-06-27 21:42:46.512"}
{"level":"info","message":"Server running on port 5001","timestamp":"2025-06-27 21:42:46.548"}
{"level":"info","message":"Environment: development","timestamp":"2025-06-27 21:42:46.549"}
{"cause":{"commonWireVersion":0,"compatible":true,"heartbeatFrequencyMS":10000,"localThresholdMS":15,"logicalSessionTimeoutMinutes":null,"maxElectionId":null,"maxSetVersion":null,"servers":{"ac-aof489l-shard-00-00.ggxdfit.mongodb.net:27017":{"$clusterTime":null,"address":"ac-aof489l-shard-00-00.ggxdfit.mongodb.net:27017","arbiters":[],"electionId":null,"error":{"beforeHandshake":false,"errorLabelSet":{}},"hosts":[],"iscryptd":false,"lastUpdateTime":231602710,"lastWriteDate":0,"logicalSessionTimeoutMinutes":null,"maxBsonObjectSize":null,"maxMessageSizeBytes":null,"maxWireVersion":0,"maxWriteBatchSize":null,"me":null,"minRoundTripTime":0,"minWireVersion":0,"passives":[],"primary":null,"roundTripTime":-1,"setName":null,"setVersion":null,"tags":{},"topologyVersion":null,"type":"Unknown"},"ac-aof489l-shard-00-01.ggxdfit.mongodb.net:27017":{"$clusterTime":null,"address":"ac-aof489l-shard-00-01.ggxdfit.mongodb.net:27017","arbiters":[],"electionId":null,"error":{"beforeHandshake":false,"errorLabelSet":{}},"hosts":[],"iscryptd":false,"lastUpdateTime":231602952,"lastWriteDate":0,"logicalSessionTimeoutMinutes":null,"maxBsonObjectSize":null,"maxMessageSizeBytes":null,"maxWireVersion":0,"maxWriteBatchSize":null,"me":null,"minRoundTripTime":0,"minWireVersion":0,"passives":[],"primary":null,"roundTripTime":-1,"setName":null,"setVersion":null,"tags":{},"topologyVersion":null,"type":"Unknown"},"ac-aof489l-shard-00-02.ggxdfit.mongodb.net:27017":{"$clusterTime":null,"address":"ac-aof489l-shard-00-02.ggxdfit.mongodb.net:27017","arbiters":[],"electionId":null,"error":{"beforeHandshake":false,"errorLabelSet":{}},"hosts":[],"iscryptd":false,"lastUpdateTime":231602491,"lastWriteDate":0,"logicalSessionTimeoutMinutes":null,"maxBsonObjectSize":null,"maxMessageSizeBytes":null,"maxWireVersion":0,"maxWriteBatchSize":null,"me":null,"minRoundTripTime":0,"minWireVersion":0,"passives":[],"primary":null,"roundTripTime":-1,"setName":null,"setVersion":null,"tags":{},"topologyVersion":null,"type":"Unknown"}},"setName":"atlas-84g224-shard-0","stale":false,"type":"ReplicaSetNoPrimary"},"errorLabelSet":{},"level":"error","message":"Could not connect to any servers in your MongoDB Atlas cluster. One common reason is that you're trying to access the database from an IP that isn't whitelisted. Make sure your current IP address is on your Atlas cluster's IP whitelist: https://www.mongodb.com/docs/atlas/security-whitelist/","reason":{"commonWireVersion":0,"compatible":true,"heartbeatFrequencyMS":10000,"localThresholdMS":15,"logicalSessionTimeoutMinutes":null,"maxElectionId":null,"maxSetVersion":null,"servers":{"ac-aof489l-shard-00-00.ggxdfit.mongodb.net:27017":{"$clusterTime":null,"address":"ac-aof489l-shard-00-00.ggxdfit.mongodb.net:27017","arbiters":[],"electionId":null,"error":{"beforeHandshake":false,"errorLabelSet":{}},"hosts":[],"iscryptd":false,"lastUpdateTime":231602710,"lastWriteDate":0,"logicalSessionTimeoutMinutes":null,"maxBsonObjectSize":null,"maxMessageSizeBytes":null,"maxWireVersion":0,"maxWriteBatchSize":null,"me":null,"minRoundTripTime":0,"minWireVersion":0,"passives":[],"primary":null,"roundTripTime":-1,"setName":null,"setVersion":null,"tags":{},"topologyVersion":null,"type":"Unknown"},"ac-aof489l-shard-00-01.ggxdfit.mongodb.net:27017":{"$clusterTime":null,"address":"ac-aof489l-shard-00-01.ggxdfit.mongodb.net:27017","arbiters":[],"electionId":null,"error":{"beforeHandshake":false,"errorLabelSet":{}},"hosts":[],"iscryptd":false,"lastUpdateTime":231602952,"lastWriteDate":0,"logicalSessionTimeoutMinutes":null,"maxBsonObjectSize":null,"maxMessageSizeBytes":null,"maxWireVersion":0,"maxWriteBatchSize":null,"me":null,"minRoundTripTime":0,"minWireVersion":0,"passives":[],"primary":null,"roundTripTime":-1,"setName":null,"setVersion":null,"tags":{},"topologyVersion":null,"type":"Unknown"},"ac-aof489l-shard-00-02.ggxdfit.mongodb.net:27017":{"$clusterTime":null,"address":"ac-aof489l-shard-00-02.ggxdfit.mongodb.net:27017","arbiters":[],"electionId":null,"error":{"beforeHandshake":false,"errorLabelSet":{}},"hosts":[],"iscryptd":false,"lastUpdateTime":231602491,"lastWriteDate":0,"logicalSessionTimeoutMinutes":null,"maxBsonObjectSize":null,"maxMessageSizeBytes":null,"maxWireVersion":0,"maxWriteBatchSize":null,"me":null,"minRoundTripTime":0,"minWireVersion":0,"passives":[],"primary":null,"roundTripTime":-1,"setName":null,"setVersion":null,"tags":{},"topologyVersion":null,"type":"Unknown"}},"setName":"atlas-84g224-shard-0","stale":false,"type":"ReplicaSetNoPrimary"},"stack":"MongooseServerSelectionError: Could not connect to any servers in your MongoDB Atlas cluster. One common reason is that you're trying to access the database from an IP that isn't whitelisted. Make sure your current IP address is on your Atlas cluster's IP whitelist: https://www.mongodb.com/docs/atlas/security-whitelist/\n    at _handleConnectionErrors (C:\\Users\\Lenovo\\OneDrive\\Bureau\\PahrmaEasy\\backend\\node_modules\\mongoose\\lib\\connection.js:1165:11)\n    at NativeConnection.openUri (C:\\Users\\Lenovo\\OneDrive\\Bureau\\PahrmaEasy\\backend\\node_modules\\mongoose\\lib\\connection.js:1096:11)\n    at async connectDB (file:///C:/Users/Lenovo/OneDrive/Bureau/PahrmaEasy/backend/config/database.js:100:5)\n    at async startServer (file:///C:/Users/Lenovo/OneDrive/Bureau/PahrmaEasy/backend/server.js:9:5)","timestamp":"2025-06-28 01:51:52.174"}
{"level":"info","message":"MongoDB Connected ✅","timestamp":"2025-06-28 01:59:14.743"}
{"level":"info","message":"Server running on port 3000","timestamp":"2025-06-28 01:59:14.833"}
{"level":"info","message":"Environment: development","timestamp":"2025-06-28 01:59:14.835"}
{"level":"info","message":"SIGINT received. Shutting down gracefully...","timestamp":"2025-06-28 02:00:04.764"}
{"level":"info","message":"MongoDB Connected ✅","timestamp":"2025-06-28 12:31:42.253"}
{"level":"info","message":"Server running on port 3000","timestamp":"2025-06-28 12:31:42.878"}
{"level":"info","message":"Environment: development","timestamp":"2025-06-28 12:31:42.895"}
{"level":"info","message":"POST /api/pharmacy/medecines","timestamp":"2025-06-28 12:41:35.289"}
{"level":"info","message":"GET /api/pharmacy/medecines","timestamp":"2025-06-28 12:41:40.755"}
{"level":"info","message":"GET /api/pharmacy/medicines","timestamp":"2025-06-28 12:41:53.670"}
{"level":"info","message":"GET /api/pharmacy/medicines","timestamp":"2025-06-28 12:42:00.817"}
{"level":"info","message":"MongoDB Connected ✅","timestamp":"2025-06-28 12:45:46.843"}
{"level":"info","message":"Server running on port 3000","timestamp":"2025-06-28 12:45:46.956"}
{"level":"info","message":"Environment: development","timestamp":"2025-06-28 12:45:46.959"}
{"level":"info","message":"MongoDB Connected ✅","timestamp":"2025-06-28 12:46:40.049"}
{"level":"info","message":"Server running on port 3000","timestamp":"2025-06-28 12:46:40.198"}
{"level":"info","message":"Environment: development","timestamp":"2025-06-28 12:46:40.207"}
{"level":"info","message":"MongoDB Connected ✅","timestamp":"2025-06-28 12:50:07.080"}
{"level":"info","message":"Server running on port 3000","timestamp":"2025-06-28 12:50:07.302"}
{"level":"info","message":"Environment: development","timestamp":"2025-06-28 12:50:07.307"}
{"level":"info","message":"MongoDB Connected ✅","timestamp":"2025-06-28 12:50:37.296"}
{"level":"info","message":"Server running on port 3000","timestamp":"2025-06-28 12:50:37.506"}
{"level":"info","message":"Environment: development","timestamp":"2025-06-28 12:50:37.531"}
